<?xml version="1.0" encoding="UTF-8"?>
<!-- Generated by org.testng.reporters.JUnitXMLReporter -->
<testsuite ignored="0" hostname="DESKTOP-6S6P4JK" failures="3" tests="7" name="Test" time="123.822" errors="0" timestamp="2023-09-13T00:27:34 PKT">
  <testcase classname="TestCases.TC_LoginTest_01" name="LoginTest" time="5.354"/>
  <testcase classname="TestCases.Login_DDT_002" name="loginDDT" time="21.795"/>
  <testcase classname="TestCases.Login_DDT_002" name="loginDDT" time="13.582">
    <failure type="java.lang.AssertionError">
      <![CDATA[java.lang.AssertionError
at org.junit.Assert.fail(Assert.java:87)
at org.junit.Assert.assertTrue(Assert.java:42)
at org.junit.Assert.assertTrue(Assert.java:53)
at TestCases.Login_DDT_002.loginDDT(Login_DDT_002.java:29)
at java.base/java.util.ArrayList.forEach(ArrayList.java:1511)
... Removed 27 stack frames]]>
    </failure>
  </testcase> <!-- loginDDT -->
  <testcase classname="TestCases.Login_DDT_002" name="loginDDT" time="15.404"/>
  <testcase classname="TestCases.Login_DDT_002" name="loginDDT" time="9.905">
    <failure type="java.lang.AssertionError">
      <![CDATA[java.lang.AssertionError
at org.junit.Assert.fail(Assert.java:87)
at org.junit.Assert.assertTrue(Assert.java:42)
at org.junit.Assert.assertTrue(Assert.java:53)
at TestCases.Login_DDT_002.loginDDT(Login_DDT_002.java:29)
at java.base/java.util.ArrayList.forEach(ArrayList.java:1511)
... Removed 27 stack frames]]>
    </failure>
  </testcase> <!-- loginDDT -->
  <testcase classname="TestCases.Login_DDT_002" name="loginDDT" time="11.793">
    <failure type="java.lang.AssertionError">
      <![CDATA[java.lang.AssertionError
at org.junit.Assert.fail(Assert.java:87)
at org.junit.Assert.assertTrue(Assert.java:42)
at org.junit.Assert.assertTrue(Assert.java:53)
at TestCases.Login_DDT_002.loginDDT(Login_DDT_002.java:29)
at java.base/java.util.ArrayList.forEach(ArrayList.java:1511)
... Removed 27 stack frames]]>
    </failure>
  </testcase> <!-- loginDDT -->
  <testcase classname="TestCases.TC_Add_CustomerTest_003" name="addNewCustomer" time="18.557"/>
</testsuite> <!-- Test -->
